<?xml version="1.0" encoding="UTF-8"?>
<testng-results ignored="0" total="2" passed="1" failed="1" skipped="0">
  <reporter-output>
    <line>
      <![CDATA[Click to see screenshot]]>
    </line>
    <line>
      <![CDATA[Login successfully executed!]]>
    </line>
    <line>
      <![CDATA[<a target ="_blank" href=error.png>Screenshot</a>]]>
    </line>
    <line>
      <![CDATA[<br>]]>
    </line>
    <line>
      <![CDATA[<br>]]>
    </line>
    <line>
      <![CDATA[<a target ="_blank" href=error.png>Screenshot</a>]]>
    </line>
  </reporter-output>
  <suite started-at="2021-11-28T22:01:39 BRT" name="Data Driven Basics" finished-at="2021-11-28T22:01:55 BRT" duration-ms="15385">
    <groups>
    </groups>
    <test started-at="2021-11-28T22:01:39 BRT" name="Login Test" finished-at="2021-11-28T22:01:41 BRT" duration-ms="1215">
      <class name="testCases.LoginTest">
        <test-method signature="loginAsBankManager()[pri:0, instance:testCases.LoginTest@2e029d61]" started-at="2021-11-28T22:01:39 BRT" name="loginAsBankManager" finished-at="2021-11-28T22:01:40 BRT" duration-ms="929" status="PASS">
          <reporter-output>
          </reporter-output>
        </test-method> <!-- loginAsBankManager -->
      </class> <!-- testCases.LoginTest -->
    </test> <!-- Login Test -->
    <test started-at="2021-11-28T22:01:41 BRT" name="LAdd Customer Test" finished-at="2021-11-28T22:01:55 BRT" duration-ms="14142">
      <class name="testCases.AddCustomerTest">
        <test-method is-config="true" signature="setUp()[pri:0, instance:testCases.AddCustomerTest@5241cf67]" started-at="2021-11-28T22:01:13 BRT" name="setUp" finished-at="2021-11-28T22:01:39 BRT" duration-ms="26541" status="PASS">
          <reporter-output>
          </reporter-output>
        </test-method> <!-- setUp -->
        <test-method signature="addCustomer(java.lang.String,java.lang.String,java.lang.String,java.lang.String)[pri:0, instance:testCases.AddCustomerTest@5241cf67]" started-at="2021-11-28T22:01:41 BRT" name="addCustomer" data-provider="getData" finished-at="2021-11-28T22:01:45 BRT" duration-ms="4708" status="FAIL">
          <params>
            <param index="0">
              <value>
                <![CDATA[Anne]]>
              </value>
            </param>
            <param index="1">
              <value>
                <![CDATA[Zimmermann]]>
              </value>
            </param>
            <param index="2">
              <value>
                <![CDATA[89046-305]]>
              </value>
            </param>
            <param index="3">
              <value>
                <![CDATA[Customer added successfully]]>
              </value>
            </param>
          </params>
          <exception class="java.lang.AssertionError">
            <message>
              <![CDATA[Customer not added successfully]]>
            </message>
            <full-stacktrace>
              <![CDATA[java.lang.AssertionError: Customer not added successfully
at org.testng.Assert.fail(Assert.java:99)
at testCases.AddCustomerTest.addCustomer(AddCustomerTest.java:27)
at java.base/jdk.internal.reflect.NativeMethodAccessorImpl.invoke0(Native Method)
at java.base/jdk.internal.reflect.NativeMethodAccessorImpl.invoke(NativeMethodAccessorImpl.java:62)
at java.base/jdk.internal.reflect.DelegatingMethodAccessorImpl.invoke(DelegatingMethodAccessorImpl.java:43)
at java.base/java.lang.reflect.Method.invoke(Method.java:566)
at org.testng.internal.MethodInvocationHelper.invokeMethod(MethodInvocationHelper.java:133)
at org.testng.internal.TestInvoker.invokeMethod(TestInvoker.java:598)
at org.testng.internal.TestInvoker.invokeTestMethod(TestInvoker.java:173)
at org.testng.internal.MethodRunner.runInSequence(MethodRunner.java:46)
at org.testng.internal.TestInvoker$MethodInvocationAgent.invoke(TestInvoker.java:824)
at org.testng.internal.TestInvoker.invokeTestMethods(TestInvoker.java:146)
at org.testng.internal.TestMethodWorker.invokeTestMethods(TestMethodWorker.java:146)
at org.testng.internal.TestMethodWorker.run(TestMethodWorker.java:128)
at java.base/java.util.ArrayList.forEach(ArrayList.java:1541)
at org.testng.TestRunner.privateRun(TestRunner.java:794)
at org.testng.TestRunner.run(TestRunner.java:596)
at org.testng.SuiteRunner.runTest(SuiteRunner.java:377)
at org.testng.SuiteRunner.runSequentially(SuiteRunner.java:371)
at org.testng.SuiteRunner.privateRun(SuiteRunner.java:332)
at org.testng.SuiteRunner.run(SuiteRunner.java:276)
at org.testng.SuiteRunnerWorker.runSuite(SuiteRunnerWorker.java:53)
at org.testng.SuiteRunnerWorker.run(SuiteRunnerWorker.java:96)
at org.testng.TestNG.runSuitesSequentially(TestNG.java:1212)
at org.testng.TestNG.runSuitesLocally(TestNG.java:1134)
at org.testng.TestNG.runSuites(TestNG.java:1063)
at org.testng.TestNG.run(TestNG.java:1031)
at org.apache.maven.surefire.testng.TestNGExecutor.run(TestNGExecutor.java:283)
at org.apache.maven.surefire.testng.TestNGXmlTestSuite.execute(TestNGXmlTestSuite.java:75)
at org.apache.maven.surefire.testng.TestNGProvider.invoke(TestNGProvider.java:120)
at org.apache.maven.surefire.booter.ForkedBooter.invokeProviderInSameClassLoader(ForkedBooter.java:384)
at org.apache.maven.surefire.booter.ForkedBooter.runSuitesInProcess(ForkedBooter.java:345)
at org.apache.maven.surefire.booter.ForkedBooter.execute(ForkedBooter.java:126)
at org.apache.maven.surefire.booter.ForkedBooter.main(ForkedBooter.java:418)
]]>
            </full-stacktrace>
          </exception> <!-- java.lang.AssertionError -->
          <reporter-output>
            <line>
              <![CDATA[Click to see screenshot]]>
            </line>
            <line>
              <![CDATA[Login successfully executed!]]>
            </line>
            <line>
              <![CDATA[<a target ="_blank" href=error.png>Screenshot</a>]]>
            </line>
            <line>
              <![CDATA[<br>]]>
            </line>
            <line>
              <![CDATA[<br>]]>
            </line>
            <line>
              <![CDATA[<a target ="_blank" href=error.png>Screenshot</a>]]>
            </line>
          </reporter-output>
        </test-method> <!-- addCustomer -->
        <test-method is-config="true" signature="tearDown()[pri:0, instance:testCases.AddCustomerTest@5241cf67]" started-at="2021-11-28T22:01:55 BRT" name="tearDown" finished-at="2021-11-28T22:01:56 BRT" duration-ms="1178" status="PASS">
          <reporter-output>
          </reporter-output>
        </test-method> <!-- tearDown -->
      </class> <!-- testCases.AddCustomerTest -->
    </test> <!-- LAdd Customer Test -->
  </suite> <!-- Data Driven Basics -->
</testng-results>
